ola k ase
ola k ase2
[0mGET / [36m304 [0m296.804 ms - -[0m
[0mGET /stylesheets/style.css [36m304 [0m2.146 ms - -[0m
[0mGET / [36m304 [0m17.261 ms - -[0m
[0mGET /stylesheets/style.css [36m304 [0m0.694 ms - -[0m
[0mGET / [32m200 [0m25.296 ms - 254[0m
[0mGET /stylesheets/style.css [32m200 [0m2.395 ms - 111[0m
[0mGET /favicon.ico [33m404 [0m13.903 ms - 1289[0m
[0mGET / [32m200 [0m9.397 ms - 254[0m
[0mGET /stylesheets/style.css [32m200 [0m1.178 ms - 111[0m
[0mGET /favicon.ico [33m404 [0m9.592 ms - 1289[0m
[0mGET / [32m200 [0m6.588 ms - 254[0m
[0mGET /stylesheets/style.css [32m200 [0m0.646 ms - 111[0m
[0mGET /favicon.ico [33m404 [0m5.885 ms - 1289[0m
[0mGET / [32m200 [0m4.490 ms - 254[0m
[0mGET /stylesheets/style.css [32m200 [0m1.726 ms - 111[0m
[0mGET /favicon.ico [33m404 [0m9.320 ms - 1289[0m
[0mGET / [32m200 [0m5.567 ms - 254[0m
[0mGET /stylesheets/style.css [32m200 [0m0.792 ms - 111[0m
[0mGET /favicon.ico [33m404 [0m3.955 ms - 1289[0m
ola k ase2
ola k ase2
[0mGET / [36m304 [0m295.522 ms - -[0m
[0mGET /stylesheets/style.css [36m304 [0m2.383 ms - -[0m
[0mGET / [36m304 [0m22.370 ms - -[0m
[0mGET /stylesheets/style.css [36m304 [0m0.758 ms - -[0m
ola k ase2
[0mGET / [32m200 [0m389.528 ms - 254[0m
[0mGET /stylesheets/style.css [32m200 [0m3.876 ms - 111[0m
[0mGET /favicon.ico [33m404 [0m31.038 ms - 1289[0m
